[debug] [2022-07-19T23:25:05.207Z] ----------------------------------------------------------------------
[debug] [2022-07-19T23:25:05.209Z] Command:       C:\Program Files\nodejs\node.exe C:\Users\Teye Michael\AppData\Roaming\npm\node_modules\firebase-tools\lib\bin\firebase.js init
[debug] [2022-07-19T23:25:05.210Z] CLI Version:   11.2.1
[debug] [2022-07-19T23:25:05.210Z] Platform:      win32
[debug] [2022-07-19T23:25:05.210Z] Node Version:  v18.3.0
[debug] [2022-07-19T23:25:05.210Z] Time:          Tue Jul 19 2022 23:25:05 GMT+0000 (Greenwich Mean Time)
[debug] [2022-07-19T23:25:05.211Z] ----------------------------------------------------------------------
[debug] 
[debug] [2022-07-19T23:25:05.321Z] > command requires scopes: ["email","openid","https://www.googleapis.com/auth/cloudplatformprojects.readonly","https://www.googleapis.com/auth/firebase","https://www.googleapis.com/auth/cloud-platform"]
[debug] [2022-07-19T23:25:05.321Z] > authorizing via signed-in user (michaelteyegyemah@gmail.com)
[info] 
     ######## #### ########  ######## ########     ###     ######  ########
     ##        ##  ##     ## ##       ##     ##  ##   ##  ##       ##
     ######    ##  ########  ######   ########  #########  ######  ######
     ##        ##  ##    ##  ##       ##     ## ##     ##       ## ##
     ##       #### ##     ## ######## ########  ##     ##  ######  ########

You're about to initialize a Firebase project in this directory:

  C:\Users\Teye Michael\Desktop\New Codes\vues\compositionApi\myblog

Before we get started, keep in mind:

  * You are initializing within an existing Firebase project directory

